<?xml version="1.0" encoding="UTF-8"?>
<!-- Generated by org.testng.reporters.JUnitXMLReporter -->
<testsuite ignored="0" hostname="SURAJKUMAR" failures="0" tests="4" name="Test" time="127.149" errors="0" timestamp="2022-01-25T17:34:16 IST">
  <testcase classname="com.crm.comcast.contactTest.ContactTest" name="CreateContacttTest" time="18.175"/>
  <testcase classname="com.crm.comcast.contactTest.ContactTest" name="CreateContactWithOrganizationTest" time="34.612"/>
  <testcase classname="com.crm.comcast.orgTest.OrganizationTest" name="createOrganizationTest" time="16.217"/>
  <testcase classname="com.crm.comcast.orgTest.OrganizationTest" name="CreateOrgWithIndustriesTypeTest" time="19.635"/>
</testsuite> <!-- Test -->
