<?xml version="1.0" encoding="UTF-8"?>
<!-- Generated by org.testng.reporters.JUnitXMLReporter -->
<testsuite ignored="0" hostname="SURAJKUMAR" failures="0" tests="2" name="Default test" time="24.257" errors="0" timestamp="2022-02-01T16:02:13 IST">
  <testcase classname="com.crm.comcast.orgTest.OrganizationTest" name="CreateOrgWithIndustriesTypeTest" time="9.564"/>
  <testcase classname="com.crm.comcast.orgTest.OrganizationTest" name="createOrganizationTest" time="7.069"/>
</testsuite> <!-- Default test -->
