<?xml version="1.0" encoding="UTF-8"?>
<!-- Generated by org.testng.reporters.JUnitXMLReporter -->
<testsuite ignored="0" hostname="SURAJKUMAR" failures="0" tests="4" name="Test1" time="75.785" errors="0" timestamp="2022-01-21T17:02:03 IST">
  <testcase classname="com.crm.comcast.contactTest.ContactTest" name="CreateContacttTest" time="8.037"/>
  <testcase classname="com.crm.comcast.orgTest.OrganizationTest" name="createOrganizationTest" time="11.444"/>
  <testcase classname="com.crm.comcast.contactTest.ContactTest" name="CreateContactWithOrganizationTest" time="19.014"/>
  <testcase classname="com.crm.comcast.orgTest.OrganizationTest" name="CreateOrgWithIndustriesTypeTest" time="11.326"/>
</testsuite> <!-- Test1 -->
