<?xml version="1.0" encoding="UTF-8"?>
<!-- Generated by org.testng.reporters.JUnitXMLReporter -->
<testsuite ignored="0" hostname="SURAJKUMAR" failures="0" tests="4" name="Test2" time="70.99" errors="0" timestamp="2022-01-21T17:01:59 IST">
  <testcase classname="com.crm.comcast.contactTest.ContactTest" name="CreateContacttTest" time="8.19"/>
  <testcase classname="com.crm.comcast.orgTest.OrganizationTest" name="createOrganizationTest" time="11.991"/>
  <testcase classname="com.crm.comcast.contactTest.ContactTest" name="CreateContactWithOrganizationTest" time="19.849"/>
  <testcase classname="com.crm.comcast.orgTest.OrganizationTest" name="CreateOrgWithIndustriesTypeTest" time="10.499"/>
</testsuite> <!-- Test2 -->
