<?xml version="1.0" encoding="UTF-8"?>
<!-- Generated by org.testng.reporters.JUnitXMLReporter -->
<testsuite ignored="0" hostname="SURAJKUMAR" failures="0" tests="2" name="TestFirefox" time="40.821" errors="0" timestamp="2022-01-21T17:06:57 IST">
  <testcase classname="com.crm.comcast.contactTest.ContactTest" name="CreateContacttTest" time="8.174"/>
  <testcase classname="com.crm.comcast.contactTest.ContactTest" name="CreateContactWithOrganizationTest" time="19.962"/>
</testsuite> <!-- TestFirefox -->
