<?xml version="1.0" encoding="UTF-8"?>
<!-- Generated by org.testng.reporters.JUnitXMLReporter -->
<testsuite ignored="0" hostname="SURAJKUMAR" failures="0" tests="2" name="TestChrome" time="37.809" errors="0" timestamp="2022-01-21T17:06:54 IST">
  <testcase classname="com.crm.comcast.contactTest.ContactTest" name="CreateContacttTest" time="8.606"/>
  <testcase classname="com.crm.comcast.contactTest.ContactTest" name="CreateContactWithOrganizationTest" time="18.662"/>
</testsuite> <!-- TestChrome -->
