<?xml version="1.0" encoding="UTF-8"?>
<!-- Generated by org.testng.reporters.JUnitXMLReporter -->
<testsuite ignored="0" hostname="SURAJKUMAR" failures="0" tests="2" name="TestRunner-2" time="30.317" errors="0" timestamp="2022-01-21T17:02:59 IST">
  <testcase classname="com.crm.comcast.orgTest.OrganizationTest" name="createOrganizationTest" time="8.657"/>
  <testcase classname="com.crm.comcast.orgTest.OrganizationTest" name="CreateOrgWithIndustriesTypeTest" time="11.474"/>
</testsuite> <!-- TestRunner-2 -->
