<?xml version="1.0" encoding="UTF-8"?>
<!-- Generated by org.testng.reporters.JUnitXMLReporter -->
<testsuite ignored="0" hostname="SURAJKUMAR" failures="0" tests="2" name="TestRunner-1" time="42.52" errors="0" timestamp="2022-01-21T17:03:12 IST">
  <testcase classname="com.crm.comcast.contactTest.ContactTest" name="CreateContacttTest" time="8.287"/>
  <testcase classname="com.crm.comcast.contactTest.ContactTest" name="CreateContactWithOrganizationTest" time="22.695"/>
</testsuite> <!-- TestRunner-1 -->
