<?xml version="1.0" encoding="UTF-8"?>
<!-- Generated by org.testng.reporters.JUnitXMLReporter -->
<testsuite hostname="SURAJKUMAR" ignored="2" name="Test" tests="2" failures="0" timestamp="2022-01-27T23:22:58 IST" time="39.098" errors="0">
  <testcase name="CreateContactWithOrganizationTest" time="15.335" classname="com.crm.comcast.contactTest.ContactTest"/>
  <testcase name="CreateOrgWithIndustriesTypeTest" time="8.998" classname="com.crm.comcast.orgTest.OrganizationTest"/>
  <testcase name="createOrganizationTest" time="0.0" classname="com.crm.comcast.orgTest.OrganizationTest">
    <ignored/>
  </testcase> <!-- createOrganizationTest -->
  <testcase name="CreateContactTest" time="0.0" classname="com.crm.comcast.contactTest.ContactTest">
    <ignored/>
  </testcase> <!-- CreateContactTest -->
</testsuite> <!-- Test -->
