<?xml version="1.0" encoding="UTF-8"?>
<!-- Generated by org.testng.reporters.JUnitXMLReporter -->
<testsuite hostname="SURAJKUMAR" ignored="2" name="Test" tests="2" failures="0" timestamp="2022-01-27T23:20:28 IST" time="34.308" errors="0">
  <testcase name="CreateContactTest" time="7.113" classname="com.crm.comcast.contactTest.ContactTest"/>
  <testcase name="createOrganizationTest" time="7.003" classname="com.crm.comcast.orgTest.OrganizationTest"/>
  <testcase name="CreateContactWithOrganizationTest" time="0.0" classname="com.crm.comcast.contactTest.ContactTest">
    <ignored/>
  </testcase> <!-- CreateContactWithOrganizationTest -->
  <testcase name="CreateOrgWithIndustriesTypeTest" time="0.0" classname="com.crm.comcast.orgTest.OrganizationTest">
    <ignored/>
  </testcase> <!-- CreateOrgWithIndustriesTypeTest -->
</testsuite> <!-- Test -->
