<?xml version="1.0" encoding="UTF-8"?>
<testng-results ignored="0" total="1" passed="1" failed="0" skipped="0">
  <reporter-output>
  </reporter-output>
  <suite started-at="2022-03-09T19:49:54 IST" name="Default suite" finished-at="2022-03-09T19:49:54 IST" duration-ms="93">
    <groups>
    </groups>
    <test started-at="2022-03-09T19:49:54 IST" name="Default test" finished-at="2022-03-09T19:49:54 IST" duration-ms="93">
      <class name="com.crm.comcast.GenericLibrary.Date">
        <test-method signature="date()[pri:0, instance:com.crm.comcast.GenericLibrary.Date@1af2d44a]" started-at="2022-03-09T19:49:54 IST" name="date" finished-at="2022-03-09T19:49:54 IST" duration-ms="34" status="PASS">
          <reporter-output>
          </reporter-output>
        </test-method> <!-- date -->
      </class> <!-- com.crm.comcast.GenericLibrary.Date -->
    </test> <!-- Default test -->
  </suite> <!-- Default suite -->
</testng-results>
